Using pre-set license
Built from '2020.3/staging' branch; Version is '2020.3.24f1 (79c78de19888) revision 7980941'; Using compiler version '192528614'; Build Type 'Release'
OS: 'Windows 10  (10.0.19045) 64bit Professional' Language: 'ru' Physical Memory: 16322 MB
BatchMode: 1, IsHumanControllingUs: 0, StartBugReporterOnCrash: 0, Is64bit: 1, IsPro: 0

COMMAND LINE ARGUMENTS:
D:\Unity Hub\2020.3.24f1\Editor\Unity.exe
-adb2
-batchMode
-noUpm
-name
AssetImportWorker0
-projectPath
D:/Unity/Gravity/Gravity
-logFile
Logs/AssetImportWorker0.log
-srvPort
51982
Successfully changed project path to: D:/Unity/Gravity/Gravity
D:/Unity/Gravity/Gravity
Using Asset Import Pipeline V2.
Refreshing native plugins compatible for Editor in 27.81 ms, found 2 plugins.
Preloading 0 native plugins for Editor in 0.00 ms.
Initialize engine version: 2020.3.24f1 (79c78de19888)
[Subsystems] Discovering subsystems at path D:/Unity Hub/2020.3.24f1/Editor/Data/Resources/UnitySubsystems
[Subsystems] Discovering subsystems at path D:/Unity/Gravity/Gravity/Assets
GfxDevice: creating device client; threaded=0
Direct3D:
    Version:  Direct3D 11.0 [level 11.1]
    Renderer: NVIDIA GeForce GTX 1660 (ID=0x2184)
    Vendor:   
    VRAM:     5980 MB
    Driver:   31.0.15.3161
Initialize mono
Mono path[0] = 'D:/Unity Hub/2020.3.24f1/Editor/Data/Managed'
Mono path[1] = 'D:/Unity Hub/2020.3.24f1/Editor/Data/MonoBleedingEdge/lib/mono/unityjit'
Mono config path = 'D:/Unity Hub/2020.3.24f1/Editor/Data/MonoBleedingEdge/etc'
Using monoOptions --debugger-agent=transport=dt_socket,embedding=1,server=y,suspend=n,address=127.0.0.1:56732
Begin MonoManager ReloadAssembly
Registering precompiled unity dll's ...
Register platform support module: D:/Unity Hub/2020.3.24f1/Editor/Data/PlaybackEngines/WindowsStandaloneSupport/UnityEditor.WindowsStandalone.Extensions.dll
Registered in 0.000882 seconds.
Native extension for WindowsStandalone target not found
Refreshing native plugins compatible for Editor in 28.02 ms, found 2 plugins.
Preloading 0 native plugins for Editor in 0.00 ms.
Mono: successfully reloaded assembly
- Completed reload, in  0.517 seconds
Domain Reload Profiling:
	ReloadAssembly (517ms)
		BeginReloadAssembly (51ms)
			ExecutionOrderSort (0ms)
			DisableScriptedObjects (0ms)
			BackupInstance (0ms)
			ReleaseScriptingObjects (0ms)
			CreateAndSetChildDomain (1ms)
		EndReloadAssembly (406ms)
			LoadAssemblies (50ms)
			RebuildTransferFunctionScriptingTraits (0ms)
			SetupTypeCache (135ms)
			ReleaseScriptCaches (0ms)
			RebuildScriptCaches (31ms)
			SetupLoadedEditorAssemblies (150ms)
				LogAssemblyErrors (0ms)
				InitializePlatformSupportModulesInManaged (4ms)
				SetLoadedEditorAssemblies (0ms)
				RefreshPlugins (28ms)
				BeforeProcessingInitializeOnLoad (16ms)
				ProcessInitializeOnLoadAttributes (76ms)
				ProcessInitializeOnLoadMethodAttributes (26ms)
				AfterProcessingInitializeOnLoad (0ms)
				EditorAssembliesLoaded (0ms)
			ExecutionOrderSort2 (0ms)
			AwakeInstancesAfterBackupRestoration (0ms)
Platform modules already initialized, skipping
Registering precompiled user dll's ...
Registered in 0.002723 seconds.
Begin MonoManager ReloadAssembly
Native extension for WindowsStandalone target not found
Refreshing native plugins compatible for Editor in 0.31 ms, found 2 plugins.
Preloading 0 native plugins for Editor in 0.00 ms.
Mono: successfully reloaded assembly
- Completed reload, in  0.896 seconds
Domain Reload Profiling:
	ReloadAssembly (897ms)
		BeginReloadAssembly (130ms)
			ExecutionOrderSort (0ms)
			DisableScriptedObjects (4ms)
			BackupInstance (0ms)
			ReleaseScriptingObjects (0ms)
			CreateAndSetChildDomain (16ms)
		EndReloadAssembly (716ms)
			LoadAssemblies (75ms)
			RebuildTransferFunctionScriptingTraits (0ms)
			SetupTypeCache (240ms)
			ReleaseScriptCaches (0ms)
			RebuildScriptCaches (44ms)
			SetupLoadedEditorAssemblies (278ms)
				LogAssemblyErrors (0ms)
				InitializePlatformSupportModulesInManaged (4ms)
				SetLoadedEditorAssemblies (0ms)
				RefreshPlugins (0ms)
				BeforeProcessingInitializeOnLoad (70ms)
				ProcessInitializeOnLoadAttributes (193ms)
				ProcessInitializeOnLoadMethodAttributes (8ms)
				AfterProcessingInitializeOnLoad (2ms)
				EditorAssembliesLoaded (0ms)
			ExecutionOrderSort2 (0ms)
			AwakeInstancesAfterBackupRestoration (6ms)
Platform modules already initialized, skipping
========================================================================
Worker process is ready to serve import requests
Launched and connected shader compiler UnityShaderCompiler.exe after 0.05 seconds
Refreshing native plugins compatible for Editor in 0.32 ms, found 2 plugins.
Preloading 0 native plugins for Editor in 0.00 ms.
Unloading 1500 Unused Serialized files (Serialized files now loaded: 0)
System memory in use before: 67.4 MB.
System memory in use after: 67.5 MB.

Unloading 19 unused Assets to reduce memory usage. Loaded Objects now: 1932.
Total: 3.303000 ms (FindLiveObjects: 0.155300 ms CreateObjectMapping: 0.048700 ms MarkObjects: 3.020600 ms  DeleteObjects: 0.077200 ms)

AssetImportParameters requested are different than current active one (requested -> active):
  custom:framework-win-MediaFoundation: 216162199b28c13a410421893ffa2e32 -> 
  custom:video-decoder-ogg-theora: a1e56fd34408186e4bbccfd4996cb3dc -> 
  custom:container-muxer-webm: aa71ff27fc2769a1b78a27578f13a17b -> 
  custom:container-demuxer-webm: 4f35f7cbe854078d1ac9338744f61a02 -> 
  custom:container-demuxer-ogg: 62fdf1f143b41e24485cea50d1cbac27 -> 
  custom:video-encoder-webm-vp8: eb34c28f22e8b96e1ab97ce403110664 -> 
  custom:video-decoder-webm-vp8: 9c59270c3fd7afecdb556c50c9e8de78 -> 
  custom:audio-decoder-ogg-vorbis: bf7c407c2cedff20999df2af8eb42d56 -> 
  custom:audio-encoder-webm-vorbis: bf7c407c2cedff20999df2af8eb42d56 -> 
========================================================================
Received Import Request.
  path: Assets
  artifactKey: Guid(00000000000000001000000000000000) Importer(815301076,1909f56bfc062723c751e8b465ee728b)
Start importing Assets using Guid(00000000000000001000000000000000) Importer(815301076,1909f56bfc062723c751e8b465ee728b)  -> (artifact id: '42d402b061de3733987d63b9cc3b64de') in 0.004041 seconds 
  Import took 0.006532 seconds .

========================================================================
Received Import Request.
  Time since last request: 5.067873 seconds.
  path: Assets/Scripts
  artifactKey: Guid(63a49bca044387041a6031969710e040) Importer(815301076,1909f56bfc062723c751e8b465ee728b)
Start importing Assets/Scripts using Guid(63a49bca044387041a6031969710e040) Importer(815301076,1909f56bfc062723c751e8b465ee728b)  -> (artifact id: '11aa18a7861e40369dd570838bf96743') in 0.001759 seconds 
  Import took 0.004086 seconds .

========================================================================
Received Import Request.
  Time since last request: 9.423828 seconds.
  path: Assets/Prefabs
  artifactKey: Guid(7ec85f26305137346807aefd90840837) Importer(815301076,1909f56bfc062723c751e8b465ee728b)
Start importing Assets/Prefabs using Guid(7ec85f26305137346807aefd90840837) Importer(815301076,1909f56bfc062723c751e8b465ee728b)  -> (artifact id: 'c2a2a0747ab8ba703f33686df75f4613') in 0.001801 seconds 
  Import took 0.004207 seconds .

========================================================================
Received Import Request.
  Time since last request: 3.248534 seconds.
  path: Assets/Scenes
  artifactKey: Guid(f765ce87e03420840a73c760023a8bf5) Importer(815301076,1909f56bfc062723c751e8b465ee728b)
Start importing Assets/Scenes using Guid(f765ce87e03420840a73c760023a8bf5) Importer(815301076,1909f56bfc062723c751e8b465ee728b)  -> (artifact id: 'adfe25141b224d185dbcfe4ec1121fbd') in 0.001752 seconds 
  Import took 0.004014 seconds .

========================================================================
Received Import Request.
  Time since last request: 11.555157 seconds.
  path: Assets/Music
  artifactKey: Guid(312a0cd4c00c08a4aa8d213327343877) Importer(815301076,1909f56bfc062723c751e8b465ee728b)
Start importing Assets/Music using Guid(312a0cd4c00c08a4aa8d213327343877) Importer(815301076,1909f56bfc062723c751e8b465ee728b)  -> (artifact id: 'b29e6bbf5eafa42b0ae27f7272479591') in 0.001779 seconds 
  Import took 0.004291 seconds .

========================================================================
Received Import Request.
  Time since last request: 39.757215 seconds.
  path: Assets/Scenes/SampleScene.unity
  artifactKey: Guid(9fc0d4010bbf28b4594072e72b8655ab) Importer(815301076,1909f56bfc062723c751e8b465ee728b)
Start importing Assets/Scenes/SampleScene.unity using Guid(9fc0d4010bbf28b4594072e72b8655ab) Importer(815301076,1909f56bfc062723c751e8b465ee728b)  -> (artifact id: '85059f4f9e1a832ed95adaa0d25c5c4c') in 0.010139 seconds 
  Import took 0.012528 seconds .

========================================================================
Received Import Request.
  Time since last request: 10.373309 seconds.
  path: Assets/Scenes/TestScene.unity
  artifactKey: Guid(64b3dae465da3f243b3720cf5cd651ea) Importer(815301076,1909f56bfc062723c751e8b465ee728b)
Start importing Assets/Scenes/TestScene.unity using Guid(64b3dae465da3f243b3720cf5cd651ea) Importer(815301076,1909f56bfc062723c751e8b465ee728b)  -> (artifact id: 'eb407f39ae406efa5fcf17b225462c28') in 0.002024 seconds 
  Import took 0.004404 seconds .

========================================================================
Received Import Request.
  Time since last request: 6.308169 seconds.
  path: Assets/Scenes/TestSceneRina.unity
  artifactKey: Guid(64b3dae465da3f243b3720cf5cd651ea) Importer(815301076,1909f56bfc062723c751e8b465ee728b)
Start importing Assets/Scenes/TestSceneRina.unity using Guid(64b3dae465da3f243b3720cf5cd651ea) Importer(815301076,1909f56bfc062723c751e8b465ee728b)  -> (artifact id: '5a79271cc8eb45d3b61ffc8937c5a3de') in 0.001944 seconds 
  Import took 0.004209 seconds .

========================================================================
Received Prepare
Registering precompiled user dll's ...
Registered in 0.002543 seconds.
Begin MonoManager ReloadAssembly
Native extension for WindowsStandalone target not found
Refreshing native plugins compatible for Editor in 0.33 ms, found 2 plugins.
Preloading 0 native plugins for Editor in 0.00 ms.
Mono: successfully reloaded assembly
- Completed reload, in  0.937 seconds
Domain Reload Profiling:
	ReloadAssembly (937ms)
		BeginReloadAssembly (98ms)
			ExecutionOrderSort (0ms)
			DisableScriptedObjects (4ms)
			BackupInstance (0ms)
			ReleaseScriptingObjects (0ms)
			CreateAndSetChildDomain (30ms)
		EndReloadAssembly (771ms)
			LoadAssemblies (83ms)
			RebuildTransferFunctionScriptingTraits (0ms)
			SetupTypeCache (294ms)
			ReleaseScriptCaches (1ms)
			RebuildScriptCaches (40ms)
			SetupLoadedEditorAssemblies (265ms)
				LogAssemblyErrors (0ms)
				InitializePlatformSupportModulesInManaged (4ms)
				SetLoadedEditorAssemblies (0ms)
				RefreshPlugins (0ms)
				BeforeProcessingInitializeOnLoad (67ms)
				ProcessInitializeOnLoadAttributes (182ms)
				ProcessInitializeOnLoadMethodAttributes (8ms)
				AfterProcessingInitializeOnLoad (2ms)
				EditorAssembliesLoaded (0ms)
			ExecutionOrderSort2 (0ms)
			AwakeInstancesAfterBackupRestoration (6ms)
Platform modules already initialized, skipping
Refreshing native plugins compatible for Editor in 0.34 ms, found 2 plugins.
Preloading 0 native plugins for Editor in 0.00 ms.
Unloading 1554 Unused Serialized files (Serialized files now loaded: 0)
System memory in use before: 70.1 MB.
System memory in use after: 70.2 MB.

Unloading 14 unused Assets to reduce memory usage. Loaded Objects now: 1994.
Total: 2.527300 ms (FindLiveObjects: 0.138500 ms CreateObjectMapping: 0.038200 ms MarkObjects: 2.336400 ms  DeleteObjects: 0.013100 ms)

AssetImportParameters requested are different than current active one (requested -> active):
  custom:framework-win-MediaFoundation: 216162199b28c13a410421893ffa2e32 -> 
  custom:video-decoder-ogg-theora: a1e56fd34408186e4bbccfd4996cb3dc -> 
  custom:container-muxer-webm: aa71ff27fc2769a1b78a27578f13a17b -> 
  custom:container-demuxer-webm: 4f35f7cbe854078d1ac9338744f61a02 -> 
  custom:container-demuxer-ogg: 62fdf1f143b41e24485cea50d1cbac27 -> 
  custom:video-encoder-webm-vp8: eb34c28f22e8b96e1ab97ce403110664 -> 
  custom:video-decoder-webm-vp8: 9c59270c3fd7afecdb556c50c9e8de78 -> 
  custom:audio-decoder-ogg-vorbis: bf7c407c2cedff20999df2af8eb42d56 -> 
  custom:audio-encoder-webm-vorbis: bf7c407c2cedff20999df2af8eb42d56 -> 
========================================================================
Received Import Request.
  Time since last request: 303.248370 seconds.
  path: Assets/Assets
  artifactKey: Guid(c6785b122a2004541a3fc04d903573df) Importer(815301076,1909f56bfc062723c751e8b465ee728b)
Start importing Assets/Assets using Guid(c6785b122a2004541a3fc04d903573df) Importer(815301076,1909f56bfc062723c751e8b465ee728b)  -> (artifact id: 'fc25e367a716a007d81500e097226cc0') in 0.003514 seconds 
  Import took 0.005743 seconds .

========================================================================
Received Prepare
Registering precompiled user dll's ...
Registered in 0.002556 seconds.
Begin MonoManager ReloadAssembly
Native extension for WindowsStandalone target not found
Refreshing native plugins compatible for Editor in 0.33 ms, found 2 plugins.
Preloading 0 native plugins for Editor in 0.00 ms.
Mono: successfully reloaded assembly
- Completed reload, in  0.840 seconds
Domain Reload Profiling:
	ReloadAssembly (840ms)
		BeginReloadAssembly (89ms)
			ExecutionOrderSort (0ms)
			DisableScriptedObjects (4ms)
			BackupInstance (0ms)
			ReleaseScriptingObjects (0ms)
			CreateAndSetChildDomain (26ms)
		EndReloadAssembly (700ms)
			LoadAssemblies (76ms)
			RebuildTransferFunctionScriptingTraits (0ms)
			SetupTypeCache (246ms)
			ReleaseScriptCaches (1ms)
			RebuildScriptCaches (40ms)
			SetupLoadedEditorAssemblies (257ms)
				LogAssemblyErrors (0ms)
				InitializePlatformSupportModulesInManaged (4ms)
				SetLoadedEditorAssemblies (0ms)
				RefreshPlugins (0ms)
				BeforeProcessingInitializeOnLoad (63ms)
				ProcessInitializeOnLoadAttributes (179ms)
				ProcessInitializeOnLoadMethodAttributes (8ms)
				AfterProcessingInitializeOnLoad (2ms)
				EditorAssembliesLoaded (0ms)
			ExecutionOrderSort2 (0ms)
			AwakeInstancesAfterBackupRestoration (6ms)
Platform modules already initialized, skipping
Refreshing native plugins compatible for Editor in 0.33 ms, found 2 plugins.
Preloading 0 native plugins for Editor in 0.00 ms.
Unloading 1554 Unused Serialized files (Serialized files now loaded: 0)
System memory in use before: 70.1 MB.
System memory in use after: 70.2 MB.

Unloading 14 unused Assets to reduce memory usage. Loaded Objects now: 1996.
Total: 2.191900 ms (FindLiveObjects: 0.142600 ms CreateObjectMapping: 0.045400 ms MarkObjects: 1.990500 ms  DeleteObjects: 0.012600 ms)

AssetImportParameters requested are different than current active one (requested -> active):
  custom:framework-win-MediaFoundation: 216162199b28c13a410421893ffa2e32 -> 
  custom:video-decoder-ogg-theora: a1e56fd34408186e4bbccfd4996cb3dc -> 
  custom:container-muxer-webm: aa71ff27fc2769a1b78a27578f13a17b -> 
  custom:container-demuxer-webm: 4f35f7cbe854078d1ac9338744f61a02 -> 
  custom:container-demuxer-ogg: 62fdf1f143b41e24485cea50d1cbac27 -> 
  custom:video-encoder-webm-vp8: eb34c28f22e8b96e1ab97ce403110664 -> 
  custom:video-decoder-webm-vp8: 9c59270c3fd7afecdb556c50c9e8de78 -> 
  custom:audio-decoder-ogg-vorbis: bf7c407c2cedff20999df2af8eb42d56 -> 
  custom:audio-encoder-webm-vorbis: bf7c407c2cedff20999df2af8eb42d56 -> 
========================================================================
Received Import Request.
  Time since last request: 6.950053 seconds.
  path: Assets/Assets/KinematicCharacterController/Examples
  artifactKey: Guid(f223b72b43192cc4f84a6afe07e316c3) Importer(815301076,1909f56bfc062723c751e8b465ee728b)
Start importing Assets/Assets/KinematicCharacterController/Examples using Guid(f223b72b43192cc4f84a6afe07e316c3) Importer(815301076,1909f56bfc062723c751e8b465ee728b)  -> (artifact id: '57bada70bc07d3af1061473bc92c795e') in 0.003861 seconds 
  Import took 0.006060 seconds .

========================================================================
Received Import Request.
  Time since last request: 7.972897 seconds.
  path: Assets/Assets/KinematicCharacterController/Examples/Prefabs
  artifactKey: Guid(cad1568e87c3beb4ca3ecee635902299) Importer(815301076,1909f56bfc062723c751e8b465ee728b)
Start importing Assets/Assets/KinematicCharacterController/Examples/Prefabs using Guid(cad1568e87c3beb4ca3ecee635902299) Importer(815301076,1909f56bfc062723c751e8b465ee728b)  -> (artifact id: 'c6d5ebc54a148448555ffbbc0eaac8a8') in 0.001388 seconds 
  Import took 0.003481 seconds .

========================================================================
Received Import Request.
  Time since last request: 0.082008 seconds.
  path: Assets/Assets/KinematicCharacterController/Examples/Prefabs/AICharacter.prefab
  artifactKey: Guid(1dbbdbde987d38a4fbc939811934e5d5) Importer(815301076,1909f56bfc062723c751e8b465ee728b)
Start importing Assets/Assets/KinematicCharacterController/Examples/Prefabs/AICharacter.prefab using Guid(1dbbdbde987d38a4fbc939811934e5d5) Importer(815301076,1909f56bfc062723c751e8b465ee728b)  -> (artifact id: 'af79c7a2c4b00f45d77b8c667e95d842') in 0.268263 seconds 
  Import took 0.270585 seconds .

========================================================================
Received Import Request.
  Time since last request: 0.000333 seconds.
  path: Assets/Assets/KinematicCharacterController/Examples/Prefabs/DynamicCube.prefab
  artifactKey: Guid(10c808cfbee7a32428c98c49e3fd5643) Importer(815301076,1909f56bfc062723c751e8b465ee728b)
Start importing Assets/Assets/KinematicCharacterController/Examples/Prefabs/DynamicCube.prefab using Guid(10c808cfbee7a32428c98c49e3fd5643) Importer(815301076,1909f56bfc062723c751e8b465ee728b)  -> (artifact id: '86360c38e7051e954c0dac71261bfc5a') in 0.022872 seconds 
  Import took 0.024993 seconds .

========================================================================
Received Import Request.
  Time since last request: 0.000195 seconds.
  path: Assets/Assets/KinematicCharacterController/Examples/Prefabs/FramerateDebugPanel.prefab
  artifactKey: Guid(6babfe004051e72409d5321118266db5) Importer(815301076,1909f56bfc062723c751e8b465ee728b)
Start importing Assets/Assets/KinematicCharacterController/Examples/Prefabs/FramerateDebugPanel.prefab using Guid(6babfe004051e72409d5321118266db5) Importer(815301076,1909f56bfc062723c751e8b465ee728b)  -> (artifact id: '9fa0330e1c9efbbc9898a1c7132ca0a9') in 0.012164 seconds 
  Import took 0.014363 seconds .

========================================================================
Received Import Request.
  Time since last request: 0.000208 seconds.
  path: Assets/Assets/KinematicCharacterController/Examples/Prefabs/MovingPlatform (3).prefab
  artifactKey: Guid(21942bc8bd928e949a81a4291e63b4d0) Importer(815301076,1909f56bfc062723c751e8b465ee728b)
Start importing Assets/Assets/KinematicCharacterController/Examples/Prefabs/MovingPlatform (3).prefab using Guid(21942bc8bd928e949a81a4291e63b4d0) Importer(815301076,1909f56bfc062723c751e8b465ee728b)  -> (artifact id: 'ee783107c5cf0dd15cb059ca2538e858') in 0.010526 seconds 
  Import took 0.012830 seconds .

========================================================================
Received Import Request.
  Time since last request: 6.968572 seconds.
  path: Assets/Assets/KinematicCharacterController/Examples/Models
  artifactKey: Guid(245ad9b9b662a354f922c245ac913b2b) Importer(815301076,1909f56bfc062723c751e8b465ee728b)
Start importing Assets/Assets/KinematicCharacterController/Examples/Models using Guid(245ad9b9b662a354f922c245ac913b2b) Importer(815301076,1909f56bfc062723c751e8b465ee728b)  -> (artifact id: 'b471a03b71cf7929c1e9ceb2a7bd1ba9') in 0.001721 seconds 
  Import took 0.003984 seconds .

========================================================================
Received Import Request.
  Time since last request: 0.080832 seconds.
  path: Assets/Assets/KinematicCharacterController/Examples/Models/BigMesh.fbx
  artifactKey: Guid(7b3263440d2fce2469af539f2ea112d4) Importer(815301076,1909f56bfc062723c751e8b465ee728b)
Start importing Assets/Assets/KinematicCharacterController/Examples/Models/BigMesh.fbx using Guid(7b3263440d2fce2469af539f2ea112d4) Importer(815301076,1909f56bfc062723c751e8b465ee728b)  -> (artifact id: 'bde8c1ddce79690f9503c99b774e8f89') in 0.086812 seconds 
  Import took 0.089158 seconds .

========================================================================
Received Import Request.
  Time since last request: 0.000255 seconds.
  path: Assets/Assets/KinematicCharacterController/Examples/Models/boat.fbx
  artifactKey: Guid(2bf2215389819b342a877f12b9473126) Importer(815301076,1909f56bfc062723c751e8b465ee728b)
Start importing Assets/Assets/KinematicCharacterController/Examples/Models/boat.fbx using Guid(2bf2215389819b342a877f12b9473126) Importer(815301076,1909f56bfc062723c751e8b465ee728b)  -> (artifact id: '8a1ca9900f621bf7efaa776c14deee3c') in 0.053516 seconds 
  Import took 0.055663 seconds .

========================================================================
Received Import Request.
  Time since last request: 0.000202 seconds.
  path: Assets/Assets/KinematicCharacterController/Examples/Models/TriSlope1.fbx
  artifactKey: Guid(d6d109edf651dc54697e5b35f498a328) Importer(815301076,1909f56bfc062723c751e8b465ee728b)
Start importing Assets/Assets/KinematicCharacterController/Examples/Models/TriSlope1.fbx using Guid(d6d109edf651dc54697e5b35f498a328) Importer(815301076,1909f56bfc062723c751e8b465ee728b)  -> (artifact id: 'bd2a0130baba2f657ce3a376a1e9d0d3') in 0.011351 seconds 
  Import took 0.013456 seconds .

========================================================================
Received Import Request.
  Time since last request: 0.000265 seconds.
  path: Assets/Assets/KinematicCharacterController/Examples/Models/StepTest3.fbx
  artifactKey: Guid(541ef61594cba1c4b848171826d808e0) Importer(815301076,1909f56bfc062723c751e8b465ee728b)
Start importing Assets/Assets/KinematicCharacterController/Examples/Models/StepTest3.fbx using Guid(541ef61594cba1c4b848171826d808e0) Importer(815301076,1909f56bfc062723c751e8b465ee728b)  -> (artifact id: 'b161a4d8301de0aa43f50043f2443f9d') in 0.025739 seconds 
  Import took 0.027974 seconds .

========================================================================
Received Import Request.
  Time since last request: 0.000182 seconds.
  path: Assets/Assets/KinematicCharacterController/Examples/Models/ring.fbx
  artifactKey: Guid(94c29bfdbb24c4e45a3bc0982aedb13b) Importer(815301076,1909f56bfc062723c751e8b465ee728b)
Start importing Assets/Assets/KinematicCharacterController/Examples/Models/ring.fbx using Guid(94c29bfdbb24c4e45a3bc0982aedb13b) Importer(815301076,1909f56bfc062723c751e8b465ee728b)  -> (artifact id: '9dcd46b1d7592bcf8a35186f2f90c8d1') in 0.022606 seconds 
  Import took 0.024672 seconds .

========================================================================
Received Import Request.
  Time since last request: 0.000194 seconds.
  path: Assets/Assets/KinematicCharacterController/Examples/Models/TriSlope3.fbx
  artifactKey: Guid(69b8dd2a641b84e478ade36da7893ffe) Importer(815301076,1909f56bfc062723c751e8b465ee728b)
Start importing Assets/Assets/KinematicCharacterController/Examples/Models/TriSlope3.fbx using Guid(69b8dd2a641b84e478ade36da7893ffe) Importer(815301076,1909f56bfc062723c751e8b465ee728b)  -> (artifact id: '4c01ece36af50aaf65f9bf47ac4c27cd') in 0.011879 seconds 
  Import took 0.014084 seconds .

========================================================================
Received Import Request.
  Time since last request: 0.000201 seconds.
  path: Assets/Assets/KinematicCharacterController/Examples/Models/StepTest2.fbx
  artifactKey: Guid(528aba6b065f6b24f85b2da0c3a616c9) Importer(815301076,1909f56bfc062723c751e8b465ee728b)
Start importing Assets/Assets/KinematicCharacterController/Examples/Models/StepTest2.fbx using Guid(528aba6b065f6b24f85b2da0c3a616c9) Importer(815301076,1909f56bfc062723c751e8b465ee728b)  -> (artifact id: 'b9ab672f5a47469032e663267f6d0b2d') in 0.030491 seconds 
  Import took 0.032793 seconds .

========================================================================
Received Import Request.
  Time since last request: 0.000233 seconds.
  path: Assets/Assets/KinematicCharacterController/Examples/Models/ConcaveCorridor.fbx
  artifactKey: Guid(2b7ce2fb71ab23245a79364c94a76c48) Importer(815301076,1909f56bfc062723c751e8b465ee728b)
Start importing Assets/Assets/KinematicCharacterController/Examples/Models/ConcaveCorridor.fbx using Guid(2b7ce2fb71ab23245a79364c94a76c48) Importer(815301076,1909f56bfc062723c751e8b465ee728b)  -> (artifact id: 'fbf7d43e9b007016a4810330baea9b2d') in 0.011955 seconds 
  Import took 0.014144 seconds .

========================================================================
Received Import Request.
  Time since last request: 0.000200 seconds.
  path: Assets/Assets/KinematicCharacterController/Examples/Models/ComplexShape.fbx
  artifactKey: Guid(8ff8d641e32922b46af689259eba176b) Importer(815301076,1909f56bfc062723c751e8b465ee728b)
Start importing Assets/Assets/KinematicCharacterController/Examples/Models/ComplexShape.fbx using Guid(8ff8d641e32922b46af689259eba176b) Importer(815301076,1909f56bfc062723c751e8b465ee728b)  -> (artifact id: 'fd56983c05a954ee95e47a3ee0738e1f') in 0.057276 seconds 
  Import took 0.059582 seconds .

========================================================================
Received Import Request.
  Time since last request: 0.000185 seconds.
  path: Assets/Assets/KinematicCharacterController/Examples/Models/TriSlope2.fbx
  artifactKey: Guid(af0439a59cb6f5d4a864c8702e0978ac) Importer(815301076,1909f56bfc062723c751e8b465ee728b)
Start importing Assets/Assets/KinematicCharacterController/Examples/Models/TriSlope2.fbx using Guid(af0439a59cb6f5d4a864c8702e0978ac) Importer(815301076,1909f56bfc062723c751e8b465ee728b)  -> (artifact id: '07bc69b68026b9827a1a4ccab7bf7e58') in 0.010269 seconds 
  Import took 0.012405 seconds .

========================================================================
Received Import Request.
  Time since last request: 0.000188 seconds.
  path: Assets/Assets/KinematicCharacterController/Examples/Models/weirdthingy.fbx
  artifactKey: Guid(6e73d5ad97bcae4479606a8f6e375fa7) Importer(815301076,1909f56bfc062723c751e8b465ee728b)
Start importing Assets/Assets/KinematicCharacterController/Examples/Models/weirdthingy.fbx using Guid(6e73d5ad97bcae4479606a8f6e375fa7) Importer(815301076,1909f56bfc062723c751e8b465ee728b)  -> (artifact id: '3dd09340d8d4839c3466c7107d50a9b2') in 0.013546 seconds 
  Import took 0.015903 seconds .

========================================================================
Received Import Request.
  Time since last request: 0.000209 seconds.
  path: Assets/Assets/KinematicCharacterController/Examples/Models/StepTest1.fbx
  artifactKey: Guid(1e5829d00378bbb488aff5a4a8bfbadb) Importer(815301076,1909f56bfc062723c751e8b465ee728b)
Start importing Assets/Assets/KinematicCharacterController/Examples/Models/StepTest1.fbx using Guid(1e5829d00378bbb488aff5a4a8bfbadb) Importer(815301076,1909f56bfc062723c751e8b465ee728b)  -> (artifact id: '11e72c1bc84b529de25945c243e03cad') in 0.013245 seconds 
  Import took 0.015550 seconds .

========================================================================
Received Import Request.
  Time since last request: 0.000192 seconds.
  path: Assets/Assets/KinematicCharacterController/Examples/Models/Suzanne.fbx
  artifactKey: Guid(24cbc0be5f22f1c4681decf899eac879) Importer(815301076,1909f56bfc062723c751e8b465ee728b)
Start importing Assets/Assets/KinematicCharacterController/Examples/Models/Suzanne.fbx using Guid(24cbc0be5f22f1c4681decf899eac879) Importer(815301076,1909f56bfc062723c751e8b465ee728b)  -> (artifact id: '13c7167804a9aa216a0925efad909a16') in 0.010512 seconds 
  Import took 0.012728 seconds .

========================================================================
Received Import Request.
  Time since last request: 0.000183 seconds.
  path: Assets/Assets/KinematicCharacterController/Examples/Models/LedgeSlope.fbx
  artifactKey: Guid(2b3e390293a5bb142868f65fe568b1f7) Importer(815301076,1909f56bfc062723c751e8b465ee728b)
Start importing Assets/Assets/KinematicCharacterController/Examples/Models/LedgeSlope.fbx using Guid(2b3e390293a5bb142868f65fe568b1f7) Importer(815301076,1909f56bfc062723c751e8b465ee728b)  -> (artifact id: 'd168577a2edaf381cebdff9cf779ea26') in 0.010468 seconds 
  Import took 0.012656 seconds .

========================================================================
Received Import Request.
  Time since last request: 0.000205 seconds.
  path: Assets/Assets/KinematicCharacterController/Examples/Models/DualTriSlope.fbx
  artifactKey: Guid(2e973c5a9dd49cf409c99021ad5a63a4) Importer(815301076,1909f56bfc062723c751e8b465ee728b)
Start importing Assets/Assets/KinematicCharacterController/Examples/Models/DualTriSlope.fbx using Guid(2e973c5a9dd49cf409c99021ad5a63a4) Importer(815301076,1909f56bfc062723c751e8b465ee728b)  -> (artifact id: '5c3e37097182263e3477386cae9a1644') in 0.019012 seconds 
  Import took 0.021445 seconds .

========================================================================
Received Import Request.
  Time since last request: 0.000211 seconds.
  path: Assets/Assets/KinematicCharacterController/Examples/Models/ConcaveSteps.fbx
  artifactKey: Guid(ea44a31176a10784b9002ca976fea196) Importer(815301076,1909f56bfc062723c751e8b465ee728b)
Start importing Assets/Assets/KinematicCharacterController/Examples/Models/ConcaveSteps.fbx using Guid(ea44a31176a10784b9002ca976fea196) Importer(815301076,1909f56bfc062723c751e8b465ee728b)  -> (artifact id: '078cafe4f12d3f5c6e8b48b9bc57baa0') in 0.010388 seconds 
  Import took 0.012591 seconds .

========================================================================
Received Import Request.
  Time since last request: 0.000201 seconds.
  path: Assets/Assets/KinematicCharacterController/Examples/Models/TriSlope4.fbx
  artifactKey: Guid(a1fb5ad061b41ec4f88dee5615c25a82) Importer(815301076,1909f56bfc062723c751e8b465ee728b)
Start importing Assets/Assets/KinematicCharacterController/Examples/Models/TriSlope4.fbx using Guid(a1fb5ad061b41ec4f88dee5615c25a82) Importer(815301076,1909f56bfc062723c751e8b465ee728b)  -> (artifact id: 'f44c82e92e1048d64375502256e77cde') in 0.010366 seconds 
  Import took 0.012611 seconds .

========================================================================
Received Import Request.
  Time since last request: 11.087545 seconds.
  path: Assets/Assets/KinematicCharacterController/Examples/Scripts
  artifactKey: Guid(deaf75aea7734bf4db8cff333af4d711) Importer(815301076,1909f56bfc062723c751e8b465ee728b)
Start importing Assets/Assets/KinematicCharacterController/Examples/Scripts using Guid(deaf75aea7734bf4db8cff333af4d711) Importer(815301076,1909f56bfc062723c751e8b465ee728b)  -> (artifact id: '7fdfe9173dcf355b5f27356dfb0f04ed') in 0.001422 seconds 
  Import took 0.003839 seconds .

========================================================================
Received Import Request.
  Time since last request: 3.196163 seconds.
  path: Assets/Assets/KinematicCharacterController/Examples/Scripts/PlayableMover.cs
  artifactKey: Guid(160d994062e8fe6418c50c339a9e34e0) Importer(815301076,1909f56bfc062723c751e8b465ee728b)
Start importing Assets/Assets/KinematicCharacterController/Examples/Scripts/PlayableMover.cs using Guid(160d994062e8fe6418c50c339a9e34e0) Importer(815301076,1909f56bfc062723c751e8b465ee728b)  -> (artifact id: '19335dc090175726cf25c86ace3737bc') in 0.008541 seconds 
  Import took 0.010868 seconds .

========================================================================
Received Import Request.
  Time since last request: 41.660355 seconds.
  path: Assets/Assets/KinematicCharacterController/UpgradeGuide.pdf
  artifactKey: Guid(bf7d84d269b2ecf4db54490aa12a2044) Importer(815301076,1909f56bfc062723c751e8b465ee728b)
Start importing Assets/Assets/KinematicCharacterController/UpgradeGuide.pdf using Guid(bf7d84d269b2ecf4db54490aa12a2044) Importer(815301076,1909f56bfc062723c751e8b465ee728b)  -> (artifact id: 'b155f263ff9b844a6fdd2955e169f57d') in 0.009372 seconds 
  Import took 0.012294 seconds .

========================================================================
Received Import Request.
  Time since last request: 0.355674 seconds.
  path: Assets/Assets/KinematicCharacterController/UserGuide.pdf
  artifactKey: Guid(218002b0df18c6f408925b74449e3784) Importer(815301076,1909f56bfc062723c751e8b465ee728b)
Start importing Assets/Assets/KinematicCharacterController/UserGuide.pdf using Guid(218002b0df18c6f408925b74449e3784) Importer(815301076,1909f56bfc062723c751e8b465ee728b)  -> (artifact id: '6bf27ef5ae62a140cd0407aba00341a0') in 0.001972 seconds 
  Import took 0.004290 seconds .

========================================================================
Received Prepare
Registering precompiled user dll's ...
Registered in 0.002537 seconds.
Begin MonoManager ReloadAssembly
Native extension for WindowsStandalone target not found
Refreshing native plugins compatible for Editor in 0.33 ms, found 2 plugins.
Preloading 0 native plugins for Editor in 0.00 ms.
Mono: successfully reloaded assembly
- Completed reload, in  0.841 seconds
Domain Reload Profiling:
	ReloadAssembly (841ms)
		BeginReloadAssembly (91ms)
			ExecutionOrderSort (0ms)
			DisableScriptedObjects (4ms)
			BackupInstance (0ms)
			ReleaseScriptingObjects (0ms)
			CreateAndSetChildDomain (28ms)
		EndReloadAssembly (698ms)
			LoadAssemblies (75ms)
			RebuildTransferFunctionScriptingTraits (0ms)
			SetupTypeCache (242ms)
			ReleaseScriptCaches (1ms)
			RebuildScriptCaches (39ms)
			SetupLoadedEditorAssemblies (260ms)
				LogAssemblyErrors (0ms)
				InitializePlatformSupportModulesInManaged (4ms)
				SetLoadedEditorAssemblies (0ms)
				RefreshPlugins (0ms)
				BeforeProcessingInitializeOnLoad (64ms)
				ProcessInitializeOnLoadAttributes (181ms)
				ProcessInitializeOnLoadMethodAttributes (8ms)
				AfterProcessingInitializeOnLoad (2ms)
				EditorAssembliesLoaded (0ms)
			ExecutionOrderSort2 (0ms)
			AwakeInstancesAfterBackupRestoration (6ms)
Platform modules already initialized, skipping
Refreshing native plugins compatible for Editor in 0.33 ms, found 2 plugins.
Preloading 0 native plugins for Editor in 0.00 ms.
Unloading 1554 Unused Serialized files (Serialized files now loaded: 0)
System memory in use before: 73.8 MB.
System memory in use after: 73.9 MB.

Unloading 15 unused Assets to reduce memory usage. Loaded Objects now: 2046.
Total: 2.320600 ms (FindLiveObjects: 0.143100 ms CreateObjectMapping: 0.045400 ms MarkObjects: 2.114000 ms  DeleteObjects: 0.017200 ms)

AssetImportParameters requested are different than current active one (requested -> active):
  custom:framework-win-MediaFoundation: 216162199b28c13a410421893ffa2e32 -> 
  custom:video-decoder-ogg-theora: a1e56fd34408186e4bbccfd4996cb3dc -> 
  custom:container-muxer-webm: aa71ff27fc2769a1b78a27578f13a17b -> 
  custom:container-demuxer-webm: 4f35f7cbe854078d1ac9338744f61a02 -> 
  custom:container-demuxer-ogg: 62fdf1f143b41e24485cea50d1cbac27 -> 
  custom:video-encoder-webm-vp8: eb34c28f22e8b96e1ab97ce403110664 -> 
  custom:video-decoder-webm-vp8: 9c59270c3fd7afecdb556c50c9e8de78 -> 
  custom:audio-decoder-ogg-vorbis: bf7c407c2cedff20999df2af8eb42d56 -> 
  custom:audio-encoder-webm-vorbis: bf7c407c2cedff20999df2af8eb42d56 -> 
========================================================================
Received Import Request.
  Time since last request: 51.358159 seconds.
  path: Assets/Assets/KinematicCharacterController/Examples/Scripts/ExampleMovingPlatform.cs
  artifactKey: Guid(b7edc6957dab9ac4797c1c0912ce3839) Importer(815301076,1909f56bfc062723c751e8b465ee728b)
Start importing Assets/Assets/KinematicCharacterController/Examples/Scripts/ExampleMovingPlatform.cs using Guid(b7edc6957dab9ac4797c1c0912ce3839) Importer(815301076,1909f56bfc062723c751e8b465ee728b)  -> (artifact id: '0a1e8c32dfd32b140e5bbd91e99600e2') in 0.003722 seconds 
  Import took 0.005979 seconds .

========================================================================
Received Import Request.
  Time since last request: 3.509416 seconds.
  path: Assets/Assets/KinematicCharacterController/Examples/Scripts/PrefabLauncher.cs
  artifactKey: Guid(a743ceeddb93f0e4981433a18d793f00) Importer(815301076,1909f56bfc062723c751e8b465ee728b)
Start importing Assets/Assets/KinematicCharacterController/Examples/Scripts/PrefabLauncher.cs using Guid(a743ceeddb93f0e4981433a18d793f00) Importer(815301076,1909f56bfc062723c751e8b465ee728b)  -> (artifact id: '9c9cd5d9df087027b9aa507bcb595be5') in 0.001648 seconds 
  Import took 0.003765 seconds .

========================================================================
Received Import Request.
  Time since last request: 0.422181 seconds.
  path: Assets/Assets/KinematicCharacterController/Examples/Scripts/StressTestManager.cs
  artifactKey: Guid(3d701116f722c264688042f476bbb604) Importer(815301076,1909f56bfc062723c751e8b465ee728b)
Start importing Assets/Assets/KinematicCharacterController/Examples/Scripts/StressTestManager.cs using Guid(3d701116f722c264688042f476bbb604) Importer(815301076,1909f56bfc062723c751e8b465ee728b)  -> (artifact id: 'e5644ef445342fd629f29611b3f4ae02') in 0.001696 seconds 
  Import took 0.003892 seconds .

========================================================================
Received Import Request.
  Time since last request: 0.405687 seconds.
  path: Assets/Assets/KinematicCharacterController/Examples/Scripts/Teleporter.cs
  artifactKey: Guid(d9b74e337ef86d944adf66d1906f11e2) Importer(815301076,1909f56bfc062723c751e8b465ee728b)
Start importing Assets/Assets/KinematicCharacterController/Examples/Scripts/Teleporter.cs using Guid(d9b74e337ef86d944adf66d1906f11e2) Importer(815301076,1909f56bfc062723c751e8b465ee728b)  -> (artifact id: 'bf27ff2d48ec1548aa9255eaefb4daaa') in 0.001675 seconds 
  Import took 0.003840 seconds .

========================================================================
Received Import Request.
  Time since last request: 0.700411 seconds.
  path: Assets/Assets/KinematicCharacterController/Examples/Scripts/BuildManager.cs
  artifactKey: Guid(4f83a0772ca2f284c97e6c2e3b8b6c5b) Importer(815301076,1909f56bfc062723c751e8b465ee728b)
Start importing Assets/Assets/KinematicCharacterController/Examples/Scripts/BuildManager.cs using Guid(4f83a0772ca2f284c97e6c2e3b8b6c5b) Importer(815301076,1909f56bfc062723c751e8b465ee728b)  -> (artifact id: '569e597f07c2d99140cf53ba8c4515ea') in 0.001664 seconds 
  Import took 0.003832 seconds .

========================================================================
Received Import Request.
  Time since last request: 2.243908 seconds.
  path: Assets/Assets/KinematicCharacterController/Examples/Scripts/PlanetManager.cs
  artifactKey: Guid(e89f443ce54ba1e469d5dd7141034d04) Importer(815301076,1909f56bfc062723c751e8b465ee728b)
Start importing Assets/Assets/KinematicCharacterController/Examples/Scripts/PlanetManager.cs using Guid(e89f443ce54ba1e469d5dd7141034d04) Importer(815301076,1909f56bfc062723c751e8b465ee728b)  -> (artifact id: '568a04017599308f845599f2f604abe2') in 0.001673 seconds 
  Import took 0.003837 seconds .

========================================================================
Received Import Request.
  Time since last request: 13.662937 seconds.
  path: Assets/Assets/KinematicCharacterController/Core
  artifactKey: Guid(c8854cb84deea8146b0cc7833ff338fd) Importer(815301076,1909f56bfc062723c751e8b465ee728b)
Start importing Assets/Assets/KinematicCharacterController/Core using Guid(c8854cb84deea8146b0cc7833ff338fd) Importer(815301076,1909f56bfc062723c751e8b465ee728b)  -> (artifact id: '002f21820e90962a5fd9758571e9dca9') in 0.001684 seconds 
  Import took 0.003780 seconds .

========================================================================
Received Import Request.
  Time since last request: 3.401627 seconds.
  path: Assets/Assets/KinematicCharacterController/Core/ICharacterController.cs
  artifactKey: Guid(f13aa252bd3bf9943b1d65e68d93dcfb) Importer(815301076,1909f56bfc062723c751e8b465ee728b)
Start importing Assets/Assets/KinematicCharacterController/Core/ICharacterController.cs using Guid(f13aa252bd3bf9943b1d65e68d93dcfb) Importer(815301076,1909f56bfc062723c751e8b465ee728b)  -> (artifact id: 'd4c189d096eda3bc7ff9680552a3ebe4') in 0.001637 seconds 
  Import took 0.003776 seconds .

========================================================================
Received Import Request.
  Time since last request: 1.347804 seconds.
  path: Assets/Assets/KinematicCharacterController/Core/IMoverController.cs
  artifactKey: Guid(8ae7eceec45f1be4c8450edc46c0ad36) Importer(815301076,1909f56bfc062723c751e8b465ee728b)
Start importing Assets/Assets/KinematicCharacterController/Core/IMoverController.cs using Guid(8ae7eceec45f1be4c8450edc46c0ad36) Importer(815301076,1909f56bfc062723c751e8b465ee728b)  -> (artifact id: 'b721fb4645ae8e1079c614d4ca258df6') in 0.001661 seconds 
  Import took 0.003763 seconds .

========================================================================
Received Import Request.
  Time since last request: 1.076123 seconds.
  path: Assets/Assets/KinematicCharacterController/Core/KCCSettings.cs
  artifactKey: Guid(2b43d8459fe4812488b2c47ac60e41c3) Importer(815301076,1909f56bfc062723c751e8b465ee728b)
Start importing Assets/Assets/KinematicCharacterController/Core/KCCSettings.cs using Guid(2b43d8459fe4812488b2c47ac60e41c3) Importer(815301076,1909f56bfc062723c751e8b465ee728b)  -> (artifact id: 'ba6439bffc85c0f881e127e4fbe923cb') in 0.001640 seconds 
  Import took 0.003854 seconds .

========================================================================
Received Import Request.
  Time since last request: 0.669161 seconds.
  path: Assets/Assets/KinematicCharacterController/Core/KinematicCharacterMotor.cs
  artifactKey: Guid(4d1bc5515e3ab954e80599c538834774) Importer(815301076,1909f56bfc062723c751e8b465ee728b)
Start importing Assets/Assets/KinematicCharacterController/Core/KinematicCharacterMotor.cs using Guid(4d1bc5515e3ab954e80599c538834774) Importer(815301076,1909f56bfc062723c751e8b465ee728b)  -> (artifact id: '831e7e17bd5a5f16ac7a8e7ebe7b0939') in 0.001681 seconds 
  Import took 0.003872 seconds .

========================================================================
Received Import Request.
  Time since last request: 0.635268 seconds.
  path: Assets/Assets/KinematicCharacterController/Core/KinematicCharacterSystem.cs
  artifactKey: Guid(dbd80c9a62d41084aad50ae44255beb9) Importer(815301076,1909f56bfc062723c751e8b465ee728b)
Start importing Assets/Assets/KinematicCharacterController/Core/KinematicCharacterSystem.cs using Guid(dbd80c9a62d41084aad50ae44255beb9) Importer(815301076,1909f56bfc062723c751e8b465ee728b)  -> (artifact id: '68ef1bafd9c8d27f17eb3eaacafd84ea') in 0.001687 seconds 
  Import took 0.003888 seconds .

========================================================================
Received Import Request.
  Time since last request: 0.956591 seconds.
  path: Assets/Assets/KinematicCharacterController/Core/PhysicsMover.cs
  artifactKey: Guid(075ccbe9837b0744985e09ba3f015b9b) Importer(815301076,1909f56bfc062723c751e8b465ee728b)
Start importing Assets/Assets/KinematicCharacterController/Core/PhysicsMover.cs using Guid(075ccbe9837b0744985e09ba3f015b9b) Importer(815301076,1909f56bfc062723c751e8b465ee728b)  -> (artifact id: '2f708ec9f226b6aecebebd69dc5b7daa') in 0.001661 seconds 
  Import took 0.003808 seconds .

========================================================================
Received Import Request.
  Time since last request: 1.334366 seconds.
  path: Assets/Assets/KinematicCharacterController/Core/ReadOnlyAttribute.cs
  artifactKey: Guid(63e8828991cf67f42bfeb498686aad0b) Importer(815301076,1909f56bfc062723c751e8b465ee728b)
Start importing Assets/Assets/KinematicCharacterController/Core/ReadOnlyAttribute.cs using Guid(63e8828991cf67f42bfeb498686aad0b) Importer(815301076,1909f56bfc062723c751e8b465ee728b)  -> (artifact id: '1bb3198f251058d9003b67baca430b6b') in 0.001650 seconds 
  Import took 0.003822 seconds .

========================================================================
Received Import Request.
  Time since last request: 3.664112 seconds.
  path: Assets/Assets/KinematicCharacterController/Core/Editor
  artifactKey: Guid(220667f043f505a4eb52d0208e14818e) Importer(815301076,1909f56bfc062723c751e8b465ee728b)
Start importing Assets/Assets/KinematicCharacterController/Core/Editor using Guid(220667f043f505a4eb52d0208e14818e) Importer(815301076,1909f56bfc062723c751e8b465ee728b)  -> (artifact id: '2ba51394ebda316d985267e8365f6c6e') in 0.001633 seconds 
  Import took 0.003829 seconds .

========================================================================
Received Import Request.
  Time since last request: 4.084035 seconds.
  path: Assets/Assets/KinematicCharacterController/ExampleCharacter
  artifactKey: Guid(b8da84cc169c79b4894eefab60565279) Importer(815301076,1909f56bfc062723c751e8b465ee728b)
Start importing Assets/Assets/KinematicCharacterController/ExampleCharacter using Guid(b8da84cc169c79b4894eefab60565279) Importer(815301076,1909f56bfc062723c751e8b465ee728b)  -> (artifact id: '792a966762ab091026946544e06ea0ac') in 0.001661 seconds 
  Import took 0.003896 seconds .

========================================================================
Received Import Request.
  Time since last request: 1.756104 seconds.
  path: Assets/Assets/KinematicCharacterController/ExampleCharacter/Prefabs
  artifactKey: Guid(974715e4a94547d4189e0801712b2685) Importer(815301076,1909f56bfc062723c751e8b465ee728b)
Start importing Assets/Assets/KinematicCharacterController/ExampleCharacter/Prefabs using Guid(974715e4a94547d4189e0801712b2685) Importer(815301076,1909f56bfc062723c751e8b465ee728b)  -> (artifact id: 'ce0195d25f81d01dd96ad4ab40227751') in 0.001332 seconds 
  Import took 0.003535 seconds .

========================================================================
Received Import Request.
  Time since last request: 0.057268 seconds.
  path: Assets/Assets/KinematicCharacterController/ExampleCharacter/Prefabs/ExampleCamera.prefab
  artifactKey: Guid(c75e91cf060bbf04e89204fa400606df) Importer(815301076,1909f56bfc062723c751e8b465ee728b)
Start importing Assets/Assets/KinematicCharacterController/ExampleCharacter/Prefabs/ExampleCamera.prefab using Guid(c75e91cf060bbf04e89204fa400606df) Importer(815301076,1909f56bfc062723c751e8b465ee728b)  -> (artifact id: 'db882333813e50fc6b7f1fdff733aae2') in 0.020205 seconds 
  Import took 0.022526 seconds .

========================================================================
Received Import Request.
  Time since last request: 0.000304 seconds.
  path: Assets/Assets/KinematicCharacterController/ExampleCharacter/Prefabs/ExampleCharacter.prefab
  artifactKey: Guid(d295472d4ce25404e9aed2627c34801f) Importer(815301076,1909f56bfc062723c751e8b465ee728b)
Start importing Assets/Assets/KinematicCharacterController/ExampleCharacter/Prefabs/ExampleCharacter.prefab using Guid(d295472d4ce25404e9aed2627c34801f) Importer(815301076,1909f56bfc062723c751e8b465ee728b)  -> (artifact id: '32b0b63820e21f245bb28bb8f0b8cca5') in 0.035329 seconds 
  Import took 0.037428 seconds .

========================================================================
Received Prepare
Registering precompiled user dll's ...
Registered in 0.002469 seconds.
Begin MonoManager ReloadAssembly
Native extension for WindowsStandalone target not found
Refreshing native plugins compatible for Editor in 0.34 ms, found 2 plugins.
Preloading 0 native plugins for Editor in 0.00 ms.
Mono: successfully reloaded assembly
- Completed reload, in  0.830 seconds
Domain Reload Profiling:
	ReloadAssembly (831ms)
		BeginReloadAssembly (92ms)
			ExecutionOrderSort (0ms)
			DisableScriptedObjects (4ms)
			BackupInstance (0ms)
			ReleaseScriptingObjects (0ms)
			CreateAndSetChildDomain (28ms)
		EndReloadAssembly (690ms)
			LoadAssemblies (74ms)
			RebuildTransferFunctionScriptingTraits (0ms)
			SetupTypeCache (237ms)
			ReleaseScriptCaches (1ms)
			RebuildScriptCaches (40ms)
			SetupLoadedEditorAssemblies (257ms)
				LogAssemblyErrors (0ms)
				InitializePlatformSupportModulesInManaged (4ms)
				SetLoadedEditorAssemblies (0ms)
				RefreshPlugins (0ms)
				BeforeProcessingInitializeOnLoad (63ms)
				ProcessInitializeOnLoadAttributes (178ms)
				ProcessInitializeOnLoadMethodAttributes (8ms)
				AfterProcessingInitializeOnLoad (2ms)
				EditorAssembliesLoaded (0ms)
			ExecutionOrderSort2 (0ms)
			AwakeInstancesAfterBackupRestoration (6ms)
Platform modules already initialized, skipping
Refreshing native plugins compatible for Editor in 0.33 ms, found 2 plugins.
Preloading 0 native plugins for Editor in 0.00 ms.
Unloading 1554 Unused Serialized files (Serialized files now loaded: 0)
System memory in use before: 73.8 MB.
System memory in use after: 73.9 MB.

Unloading 14 unused Assets to reduce memory usage. Loaded Objects now: 2049.
Total: 2.259100 ms (FindLiveObjects: 0.147600 ms CreateObjectMapping: 0.046200 ms MarkObjects: 2.052000 ms  DeleteObjects: 0.012700 ms)

AssetImportParameters requested are different than current active one (requested -> active):
  custom:framework-win-MediaFoundation: 216162199b28c13a410421893ffa2e32 -> 
  custom:video-decoder-ogg-theora: a1e56fd34408186e4bbccfd4996cb3dc -> 
  custom:container-muxer-webm: aa71ff27fc2769a1b78a27578f13a17b -> 
  custom:container-demuxer-webm: 4f35f7cbe854078d1ac9338744f61a02 -> 
  custom:container-demuxer-ogg: 62fdf1f143b41e24485cea50d1cbac27 -> 
  custom:video-encoder-webm-vp8: eb34c28f22e8b96e1ab97ce403110664 -> 
  custom:video-decoder-webm-vp8: 9c59270c3fd7afecdb556c50c9e8de78 -> 
  custom:audio-decoder-ogg-vorbis: bf7c407c2cedff20999df2af8eb42d56 -> 
  custom:audio-encoder-webm-vorbis: bf7c407c2cedff20999df2af8eb42d56 -> 
========================================================================
Received Import Request.
  Time since last request: 51.208333 seconds.
  path: Assets/Assets/KinematicCharacterController
  artifactKey: Guid(b332c36ffe1a0e14d9763f6873993631) Importer(815301076,1909f56bfc062723c751e8b465ee728b)
Start importing Assets/Assets/KinematicCharacterController using Guid(b332c36ffe1a0e14d9763f6873993631) Importer(815301076,1909f56bfc062723c751e8b465ee728b)  -> (artifact id: '807a3706b3f842eb27cdf36cfddfd401') in 0.003960 seconds 
  Import took 0.006705 seconds .

========================================================================
Received Import Request.
  Time since last request: 4.648565 seconds.
  path: Assets/Assets/KinematicCharacterController/ExampleCharacter/Scripts
  artifactKey: Guid(9751300dc66704b4f87d358c2a60f913) Importer(815301076,1909f56bfc062723c751e8b465ee728b)
Start importing Assets/Assets/KinematicCharacterController/ExampleCharacter/Scripts using Guid(9751300dc66704b4f87d358c2a60f913) Importer(815301076,1909f56bfc062723c751e8b465ee728b)  -> (artifact id: '5de4f8be3701e9561dcf7bab95ab5abf') in 0.001334 seconds 
  Import took 0.003493 seconds .

========================================================================
Received Import Request.
  Time since last request: 1.753507 seconds.
  path: Assets/Assets/KinematicCharacterController/ExampleCharacter/Scripts/ExampleCharacterController.cs
  artifactKey: Guid(76020eee813ed7844bcea94c5d5ce76a) Importer(815301076,1909f56bfc062723c751e8b465ee728b)
Start importing Assets/Assets/KinematicCharacterController/ExampleCharacter/Scripts/ExampleCharacterController.cs using Guid(76020eee813ed7844bcea94c5d5ce76a) Importer(815301076,1909f56bfc062723c751e8b465ee728b)  -> (artifact id: 'bb6c7fdd3cd9a33d7145cf3c333af702') in 0.001675 seconds 
  Import took 0.003854 seconds .

========================================================================
Received Import Request.
  Time since last request: 1.855925 seconds.
  path: Assets/Assets/KinematicCharacterController/ExampleCharacter/Scripts/ExamplePlayer.cs
  artifactKey: Guid(461cd396e3fc7cc4eb9c92bde05c1b9a) Importer(815301076,1909f56bfc062723c751e8b465ee728b)
Start importing Assets/Assets/KinematicCharacterController/ExampleCharacter/Scripts/ExamplePlayer.cs using Guid(461cd396e3fc7cc4eb9c92bde05c1b9a) Importer(815301076,1909f56bfc062723c751e8b465ee728b)  -> (artifact id: '6d300a760579a9c8004e2648de33cd71') in 0.001649 seconds 
  Import took 0.003805 seconds .

========================================================================
Received Import Request.
  Time since last request: 14.286326 seconds.
  path: Assets/Assets/KinematicCharacterController/ExampleCharacter/Scripts/ExampleCharacterCamera.cs
  artifactKey: Guid(24092a40b02616e479baeb940325e339) Importer(815301076,1909f56bfc062723c751e8b465ee728b)
Start importing Assets/Assets/KinematicCharacterController/ExampleCharacter/Scripts/ExampleCharacterCamera.cs using Guid(24092a40b02616e479baeb940325e339) Importer(815301076,1909f56bfc062723c751e8b465ee728b)  -> (artifact id: '74c91fba43f9d39a0032b48cabd5ea13') in 0.001666 seconds 
  Import took 0.003832 seconds .

========================================================================
Received Prepare
Registering precompiled user dll's ...
Registered in 0.002583 seconds.
Begin MonoManager ReloadAssembly
Native extension for WindowsStandalone target not found
Refreshing native plugins compatible for Editor in 0.34 ms, found 2 plugins.
Preloading 0 native plugins for Editor in 0.00 ms.
Mono: successfully reloaded assembly
- Completed reload, in  0.844 seconds
Domain Reload Profiling:
	ReloadAssembly (844ms)
		BeginReloadAssembly (92ms)
			ExecutionOrderSort (0ms)
			DisableScriptedObjects (5ms)
			BackupInstance (0ms)
			ReleaseScriptingObjects (0ms)
			CreateAndSetChildDomain (27ms)
		EndReloadAssembly (703ms)
			LoadAssemblies (74ms)
			RebuildTransferFunctionScriptingTraits (0ms)
			SetupTypeCache (242ms)
			ReleaseScriptCaches (1ms)
			RebuildScriptCaches (40ms)
			SetupLoadedEditorAssemblies (263ms)
				LogAssemblyErrors (0ms)
				InitializePlatformSupportModulesInManaged (4ms)
				SetLoadedEditorAssemblies (0ms)
				RefreshPlugins (0ms)
				BeforeProcessingInitializeOnLoad (64ms)
				ProcessInitializeOnLoadAttributes (183ms)
				ProcessInitializeOnLoadMethodAttributes (9ms)
				AfterProcessingInitializeOnLoad (2ms)
				EditorAssembliesLoaded (0ms)
			ExecutionOrderSort2 (0ms)
			AwakeInstancesAfterBackupRestoration (6ms)
Platform modules already initialized, skipping
Refreshing native plugins compatible for Editor in 0.34 ms, found 2 plugins.
Preloading 0 native plugins for Editor in 0.00 ms.
Unloading 1554 Unused Serialized files (Serialized files now loaded: 0)
System memory in use before: 73.8 MB.
System memory in use after: 74.0 MB.

Unloading 14 unused Assets to reduce memory usage. Loaded Objects now: 2051.
Total: 2.280700 ms (FindLiveObjects: 0.150300 ms CreateObjectMapping: 0.044100 ms MarkObjects: 2.071300 ms  DeleteObjects: 0.013700 ms)

AssetImportParameters requested are different than current active one (requested -> active):
  custom:framework-win-MediaFoundation: 216162199b28c13a410421893ffa2e32 -> 
  custom:video-decoder-ogg-theora: a1e56fd34408186e4bbccfd4996cb3dc -> 
  custom:container-muxer-webm: aa71ff27fc2769a1b78a27578f13a17b -> 
  custom:container-demuxer-webm: 4f35f7cbe854078d1ac9338744f61a02 -> 
  custom:container-demuxer-ogg: 62fdf1f143b41e24485cea50d1cbac27 -> 
  custom:video-encoder-webm-vp8: eb34c28f22e8b96e1ab97ce403110664 -> 
  custom:video-decoder-webm-vp8: 9c59270c3fd7afecdb556c50c9e8de78 -> 
  custom:audio-decoder-ogg-vorbis: bf7c407c2cedff20999df2af8eb42d56 -> 
  custom:audio-encoder-webm-vorbis: bf7c407c2cedff20999df2af8eb42d56 -> 
========================================================================
Received Prepare
Registering precompiled user dll's ...
Registered in 0.002662 seconds.
Begin MonoManager ReloadAssembly
Native extension for WindowsStandalone target not found
Refreshing native plugins compatible for Editor in 0.34 ms, found 2 plugins.
Preloading 0 native plugins for Editor in 0.00 ms.
Mono: successfully reloaded assembly
- Completed reload, in  0.840 seconds
Domain Reload Profiling:
	ReloadAssembly (840ms)
		BeginReloadAssembly (88ms)
			ExecutionOrderSort (0ms)
			DisableScriptedObjects (4ms)
			BackupInstance (0ms)
			ReleaseScriptingObjects (0ms)
			CreateAndSetChildDomain (26ms)
		EndReloadAssembly (703ms)
			LoadAssemblies (74ms)
			RebuildTransferFunctionScriptingTraits (0ms)
			SetupTypeCache (244ms)
			ReleaseScriptCaches (1ms)
			RebuildScriptCaches (39ms)
			SetupLoadedEditorAssemblies (262ms)
				LogAssemblyErrors (0ms)
				InitializePlatformSupportModulesInManaged (4ms)
				SetLoadedEditorAssemblies (1ms)
				RefreshPlugins (0ms)
				BeforeProcessingInitializeOnLoad (65ms)
				ProcessInitializeOnLoadAttributes (182ms)
				ProcessInitializeOnLoadMethodAttributes (8ms)
				AfterProcessingInitializeOnLoad (2ms)
				EditorAssembliesLoaded (0ms)
			ExecutionOrderSort2 (0ms)
			AwakeInstancesAfterBackupRestoration (6ms)
Platform modules already initialized, skipping
Refreshing native plugins compatible for Editor in 0.55 ms, found 2 plugins.
Preloading 0 native plugins for Editor in 0.00 ms.
Unloading 1554 Unused Serialized files (Serialized files now loaded: 0)
System memory in use before: 73.9 MB.
System memory in use after: 74.0 MB.

Unloading 14 unused Assets to reduce memory usage. Loaded Objects now: 2053.
Total: 2.409500 ms (FindLiveObjects: 0.150300 ms CreateObjectMapping: 0.046000 ms MarkObjects: 2.194600 ms  DeleteObjects: 0.017600 ms)

AssetImportParameters requested are different than current active one (requested -> active):
  custom:framework-win-MediaFoundation: 216162199b28c13a410421893ffa2e32 -> 
  custom:video-decoder-ogg-theora: a1e56fd34408186e4bbccfd4996cb3dc -> 
  custom:container-muxer-webm: aa71ff27fc2769a1b78a27578f13a17b -> 
  custom:container-demuxer-webm: 4f35f7cbe854078d1ac9338744f61a02 -> 
  custom:container-demuxer-ogg: 62fdf1f143b41e24485cea50d1cbac27 -> 
  custom:video-encoder-webm-vp8: eb34c28f22e8b96e1ab97ce403110664 -> 
  custom:video-decoder-webm-vp8: 9c59270c3fd7afecdb556c50c9e8de78 -> 
  custom:audio-decoder-ogg-vorbis: bf7c407c2cedff20999df2af8eb42d56 -> 
  custom:audio-encoder-webm-vorbis: bf7c407c2cedff20999df2af8eb42d56 -> 
========================================================================
Received Prepare
Registering precompiled user dll's ...
Registered in 0.002570 seconds.
Begin MonoManager ReloadAssembly
Native extension for WindowsStandalone target not found
Refreshing native plugins compatible for Editor in 0.33 ms, found 2 plugins.
Preloading 0 native plugins for Editor in 0.00 ms.
Mono: successfully reloaded assembly
- Completed reload, in  0.834 seconds
Domain Reload Profiling:
	ReloadAssembly (834ms)
		BeginReloadAssembly (89ms)
			ExecutionOrderSort (0ms)
			DisableScriptedObjects (4ms)
			BackupInstance (0ms)
			ReleaseScriptingObjects (0ms)
			CreateAndSetChildDomain (26ms)
		EndReloadAssembly (696ms)
			LoadAssemblies (74ms)
			RebuildTransferFunctionScriptingTraits (0ms)
			SetupTypeCache (237ms)
			ReleaseScriptCaches (1ms)
			RebuildScriptCaches (40ms)
			SetupLoadedEditorAssemblies (260ms)
				LogAssemblyErrors (0ms)
				InitializePlatformSupportModulesInManaged (4ms)
				SetLoadedEditorAssemblies (1ms)
				RefreshPlugins (0ms)
				BeforeProcessingInitializeOnLoad (65ms)
				ProcessInitializeOnLoadAttributes (179ms)
				ProcessInitializeOnLoadMethodAttributes (8ms)
				AfterProcessingInitializeOnLoad (2ms)
				EditorAssembliesLoaded (0ms)
			ExecutionOrderSort2 (0ms)
			AwakeInstancesAfterBackupRestoration (6ms)
Platform modules already initialized, skipping
Refreshing native plugins compatible for Editor in 0.33 ms, found 2 plugins.
Preloading 0 native plugins for Editor in 0.00 ms.
Unloading 1554 Unused Serialized files (Serialized files now loaded: 0)
System memory in use before: 73.9 MB.
System memory in use after: 74.0 MB.

Unloading 14 unused Assets to reduce memory usage. Loaded Objects now: 2055.
Total: 2.237300 ms (FindLiveObjects: 0.144300 ms CreateObjectMapping: 0.043800 ms MarkObjects: 2.035100 ms  DeleteObjects: 0.013200 ms)

AssetImportParameters requested are different than current active one (requested -> active):
  custom:framework-win-MediaFoundation: 216162199b28c13a410421893ffa2e32 -> 
  custom:video-decoder-ogg-theora: a1e56fd34408186e4bbccfd4996cb3dc -> 
  custom:container-muxer-webm: aa71ff27fc2769a1b78a27578f13a17b -> 
  custom:container-demuxer-webm: 4f35f7cbe854078d1ac9338744f61a02 -> 
  custom:container-demuxer-ogg: 62fdf1f143b41e24485cea50d1cbac27 -> 
  custom:video-encoder-webm-vp8: eb34c28f22e8b96e1ab97ce403110664 -> 
  custom:video-decoder-webm-vp8: 9c59270c3fd7afecdb556c50c9e8de78 -> 
  custom:audio-decoder-ogg-vorbis: bf7c407c2cedff20999df2af8eb42d56 -> 
  custom:audio-encoder-webm-vorbis: bf7c407c2cedff20999df2af8eb42d56 -> 
========================================================================
Received Prepare
Trying to reload asset but can't find object on disk
Registering precompiled user dll's ...
Registered in 0.002709 seconds.
Begin MonoManager ReloadAssembly
Native extension for WindowsStandalone target not found
Refreshing native plugins compatible for Editor in 0.33 ms, found 2 plugins.
Preloading 0 native plugins for Editor in 0.00 ms.
Mono: successfully reloaded assembly
- Completed reload, in  0.883 seconds
Domain Reload Profiling:
	ReloadAssembly (883ms)
		BeginReloadAssembly (96ms)
			ExecutionOrderSort (0ms)
			DisableScriptedObjects (5ms)
			BackupInstance (0ms)
			ReleaseScriptingObjects (0ms)
			CreateAndSetChildDomain (28ms)
		EndReloadAssembly (730ms)
			LoadAssemblies (75ms)
			RebuildTransferFunctionScriptingTraits (0ms)
			SetupTypeCache (251ms)
			ReleaseScriptCaches (1ms)
			RebuildScriptCaches (41ms)
			SetupLoadedEditorAssemblies (271ms)
				LogAssemblyErrors (0ms)
				InitializePlatformSupportModulesInManaged (4ms)
				SetLoadedEditorAssemblies (0ms)
				RefreshPlugins (0ms)
				BeforeProcessingInitializeOnLoad (65ms)
				ProcessInitializeOnLoadAttributes (189ms)
				ProcessInitializeOnLoadMethodAttributes (9ms)
				AfterProcessingInitializeOnLoad (2ms)
				EditorAssembliesLoaded (0ms)
			ExecutionOrderSort2 (0ms)
			AwakeInstancesAfterBackupRestoration (6ms)
Platform modules already initialized, skipping
Refreshing native plugins compatible for Editor in 0.34 ms, found 2 plugins.
Preloading 0 native plugins for Editor in 0.00 ms.
Unloading 1554 Unused Serialized files (Serialized files now loaded: 0)
System memory in use before: 73.9 MB.
System memory in use after: 74.0 MB.

Unloading 14 unused Assets to reduce memory usage. Loaded Objects now: 2057.
Total: 2.233100 ms (FindLiveObjects: 0.155900 ms CreateObjectMapping: 0.044700 ms MarkObjects: 2.018500 ms  DeleteObjects: 0.013000 ms)

AssetImportParameters requested are different than current active one (requested -> active):
  custom:framework-win-MediaFoundation: 216162199b28c13a410421893ffa2e32 -> 
  custom:video-decoder-ogg-theora: a1e56fd34408186e4bbccfd4996cb3dc -> 
  custom:container-muxer-webm: aa71ff27fc2769a1b78a27578f13a17b -> 
  custom:container-demuxer-webm: 4f35f7cbe854078d1ac9338744f61a02 -> 
  custom:container-demuxer-ogg: 62fdf1f143b41e24485cea50d1cbac27 -> 
  custom:video-encoder-webm-vp8: eb34c28f22e8b96e1ab97ce403110664 -> 
  custom:video-decoder-webm-vp8: 9c59270c3fd7afecdb556c50c9e8de78 -> 
  custom:audio-decoder-ogg-vorbis: bf7c407c2cedff20999df2af8eb42d56 -> 
  custom:audio-encoder-webm-vorbis: bf7c407c2cedff20999df2af8eb42d56 -> 
========================================================================
Received Prepare
Trying to reload asset but can't find object on disk
Registering precompiled user dll's ...
Registered in 0.002717 seconds.
Begin MonoManager ReloadAssembly
Native extension for WindowsStandalone target not found
Refreshing native plugins compatible for Editor in 0.35 ms, found 2 plugins.
Preloading 0 native plugins for Editor in 0.00 ms.
Mono: successfully reloaded assembly
- Completed reload, in  0.911 seconds
Domain Reload Profiling:
	ReloadAssembly (912ms)
		BeginReloadAssembly (97ms)
			ExecutionOrderSort (0ms)
			DisableScriptedObjects (4ms)
			BackupInstance (0ms)
			ReleaseScriptingObjects (0ms)
			CreateAndSetChildDomain (29ms)
		EndReloadAssembly (763ms)
			LoadAssemblies (78ms)
			RebuildTransferFunctionScriptingTraits (0ms)
			SetupTypeCache (272ms)
			ReleaseScriptCaches (1ms)
			RebuildScriptCaches (40ms)
			SetupLoadedEditorAssemblies (283ms)
				LogAssemblyErrors (0ms)
				InitializePlatformSupportModulesInManaged (4ms)
				SetLoadedEditorAssemblies (0ms)
				RefreshPlugins (0ms)
				BeforeProcessingInitializeOnLoad (69ms)
				ProcessInitializeOnLoadAttributes (199ms)
				ProcessInitializeOnLoadMethodAttributes (9ms)
				AfterProcessingInitializeOnLoad (2ms)
				EditorAssembliesLoaded (0ms)
			ExecutionOrderSort2 (0ms)
			AwakeInstancesAfterBackupRestoration (7ms)
Platform modules already initialized, skipping
Refreshing native plugins compatible for Editor in 0.40 ms, found 2 plugins.
Preloading 0 native plugins for Editor in 0.00 ms.
Unloading 1554 Unused Serialized files (Serialized files now loaded: 0)
System memory in use before: 73.9 MB.
System memory in use after: 74.0 MB.

Unloading 14 unused Assets to reduce memory usage. Loaded Objects now: 2059.
Total: 2.386700 ms (FindLiveObjects: 0.183500 ms CreateObjectMapping: 0.061100 ms MarkObjects: 2.126200 ms  DeleteObjects: 0.014700 ms)

AssetImportParameters requested are different than current active one (requested -> active):
  custom:framework-win-MediaFoundation: 216162199b28c13a410421893ffa2e32 -> 
  custom:video-decoder-ogg-theora: a1e56fd34408186e4bbccfd4996cb3dc -> 
  custom:container-muxer-webm: aa71ff27fc2769a1b78a27578f13a17b -> 
  custom:container-demuxer-webm: 4f35f7cbe854078d1ac9338744f61a02 -> 
  custom:container-demuxer-ogg: 62fdf1f143b41e24485cea50d1cbac27 -> 
  custom:video-encoder-webm-vp8: eb34c28f22e8b96e1ab97ce403110664 -> 
  custom:video-decoder-webm-vp8: 9c59270c3fd7afecdb556c50c9e8de78 -> 
  custom:audio-decoder-ogg-vorbis: bf7c407c2cedff20999df2af8eb42d56 -> 
  custom:audio-encoder-webm-vorbis: bf7c407c2cedff20999df2af8eb42d56 -> 
AssetImportWorkerClient::OnTransportError - code=2 error=End of file
